0 info it worked if it ends with ok
1 verbose cli [ 'node', '/usr/local/bin/npm', 'install' ]
2 info using npm@1.4.28
3 info using node@v0.10.33
4 verbose readDependencies using package.json deps
5 verbose install where, deps [ '/Users/mcwalinski/WashingtonPost/NewsroomInternships',
5 verbose install   [ 'body-parser',
5 verbose install     'cookie-parser',
5 verbose install     'debug',
5 verbose install     'ejs',
5 verbose install     'express',
5 verbose install     'method-override',
5 verbose install     'mongoose',
5 verbose install     'morgan',
5 verbose install     'serve-favicon' ] ]
6 info preinstall MeanStack@0.0.1
7 verbose readDependencies using package.json deps
8 verbose cache add [ 'body-parser@~1.12.0', null ]
9 verbose cache add name=undefined spec="body-parser@~1.12.0" args=["body-parser@~1.12.0",null]
10 verbose parsed url { protocol: null,
10 verbose parsed url   slashes: null,
10 verbose parsed url   auth: null,
10 verbose parsed url   host: null,
10 verbose parsed url   port: null,
10 verbose parsed url   hostname: null,
10 verbose parsed url   hash: null,
10 verbose parsed url   search: null,
10 verbose parsed url   query: null,
10 verbose parsed url   pathname: 'body-parser@~1.12.0',
10 verbose parsed url   path: 'body-parser@~1.12.0',
10 verbose parsed url   href: 'body-parser@~1.12.0' }
11 verbose cache add [ 'cookie-parser@~1.3.4', null ]
12 verbose cache add name=undefined spec="cookie-parser@~1.3.4" args=["cookie-parser@~1.3.4",null]
13 verbose parsed url { protocol: null,
13 verbose parsed url   slashes: null,
13 verbose parsed url   auth: null,
13 verbose parsed url   host: null,
13 verbose parsed url   port: null,
13 verbose parsed url   hostname: null,
13 verbose parsed url   hash: null,
13 verbose parsed url   search: null,
13 verbose parsed url   query: null,
13 verbose parsed url   pathname: 'cookie-parser@~1.3.4',
13 verbose parsed url   path: 'cookie-parser@~1.3.4',
13 verbose parsed url   href: 'cookie-parser@~1.3.4' }
14 verbose cache add [ 'debug@~2.1.1', null ]
15 verbose cache add name=undefined spec="debug@~2.1.1" args=["debug@~2.1.1",null]
16 verbose parsed url { protocol: null,
16 verbose parsed url   slashes: null,
16 verbose parsed url   auth: null,
16 verbose parsed url   host: null,
16 verbose parsed url   port: null,
16 verbose parsed url   hostname: null,
16 verbose parsed url   hash: null,
16 verbose parsed url   search: null,
16 verbose parsed url   query: null,
16 verbose parsed url   pathname: 'debug@~2.1.1',
16 verbose parsed url   path: 'debug@~2.1.1',
16 verbose parsed url   href: 'debug@~2.1.1' }
17 verbose cache add [ 'ejs@~2.3.1', null ]
18 verbose cache add name=undefined spec="ejs@~2.3.1" args=["ejs@~2.3.1",null]
19 verbose parsed url { protocol: null,
19 verbose parsed url   slashes: null,
19 verbose parsed url   auth: null,
19 verbose parsed url   host: null,
19 verbose parsed url   port: null,
19 verbose parsed url   hostname: null,
19 verbose parsed url   hash: null,
19 verbose parsed url   search: null,
19 verbose parsed url   query: null,
19 verbose parsed url   pathname: 'ejs@~2.3.1',
19 verbose parsed url   path: 'ejs@~2.3.1',
19 verbose parsed url   href: 'ejs@~2.3.1' }
20 verbose cache add name="body-parser" spec="~1.12.0" args=["body-parser","~1.12.0"]
21 verbose parsed url { protocol: null,
21 verbose parsed url   slashes: null,
21 verbose parsed url   auth: null,
21 verbose parsed url   host: null,
21 verbose parsed url   port: null,
21 verbose parsed url   hostname: null,
21 verbose parsed url   hash: null,
21 verbose parsed url   search: null,
21 verbose parsed url   query: null,
21 verbose parsed url   pathname: '~1.12.0',
21 verbose parsed url   path: '~1.12.0',
21 verbose parsed url   href: '~1.12.0' }
22 verbose addNamed [ 'body-parser', '~1.12.0' ]
23 verbose addNamed [ null, '>=1.12.0-0 <1.13.0-0' ]
24 verbose cache add name="cookie-parser" spec="~1.3.4" args=["cookie-parser","~1.3.4"]
25 verbose parsed url { protocol: null,
25 verbose parsed url   slashes: null,
25 verbose parsed url   auth: null,
25 verbose parsed url   host: null,
25 verbose parsed url   port: null,
25 verbose parsed url   hostname: null,
25 verbose parsed url   hash: null,
25 verbose parsed url   search: null,
25 verbose parsed url   query: null,
25 verbose parsed url   pathname: '~1.3.4',
25 verbose parsed url   path: '~1.3.4',
25 verbose parsed url   href: '~1.3.4' }
26 verbose addNamed [ 'cookie-parser', '~1.3.4' ]
27 verbose addNamed [ null, '>=1.3.4-0 <1.4.0-0' ]
28 verbose cache add name="debug" spec="~2.1.1" args=["debug","~2.1.1"]
29 verbose parsed url { protocol: null,
29 verbose parsed url   slashes: null,
29 verbose parsed url   auth: null,
29 verbose parsed url   host: null,
29 verbose parsed url   port: null,
29 verbose parsed url   hostname: null,
29 verbose parsed url   hash: null,
29 verbose parsed url   search: null,
29 verbose parsed url   query: null,
29 verbose parsed url   pathname: '~2.1.1',
29 verbose parsed url   path: '~2.1.1',
29 verbose parsed url   href: '~2.1.1' }
30 verbose addNamed [ 'debug', '~2.1.1' ]
31 verbose addNamed [ null, '>=2.1.1-0 <2.2.0-0' ]
32 verbose cache add [ 'express@~4.12.2', null ]
33 verbose cache add name=undefined spec="express@~4.12.2" args=["express@~4.12.2",null]
34 verbose parsed url { protocol: null,
34 verbose parsed url   slashes: null,
34 verbose parsed url   auth: null,
34 verbose parsed url   host: null,
34 verbose parsed url   port: null,
34 verbose parsed url   hostname: null,
34 verbose parsed url   hash: null,
34 verbose parsed url   search: null,
34 verbose parsed url   query: null,
34 verbose parsed url   pathname: 'express@~4.12.2',
34 verbose parsed url   path: 'express@~4.12.2',
34 verbose parsed url   href: 'express@~4.12.2' }
35 verbose cache add name="ejs" spec="~2.3.1" args=["ejs","~2.3.1"]
36 verbose parsed url { protocol: null,
36 verbose parsed url   slashes: null,
36 verbose parsed url   auth: null,
36 verbose parsed url   host: null,
36 verbose parsed url   port: null,
36 verbose parsed url   hostname: null,
36 verbose parsed url   hash: null,
36 verbose parsed url   search: null,
36 verbose parsed url   query: null,
36 verbose parsed url   pathname: '~2.3.1',
36 verbose parsed url   path: '~2.3.1',
36 verbose parsed url   href: '~2.3.1' }
37 verbose addNamed [ 'ejs', '~2.3.1' ]
38 verbose addNamed [ null, '>=2.3.1-0 <2.4.0-0' ]
39 silly lockFile 6121e062-body-parser-1-12-0 body-parser@~1.12.0
40 verbose lock body-parser@~1.12.0 /Users/mcwalinski/.npm/6121e062-body-parser-1-12-0.lock
41 silly lockFile bb69fa92-cookie-parser-1-3-4 cookie-parser@~1.3.4
42 verbose lock cookie-parser@~1.3.4 /Users/mcwalinski/.npm/bb69fa92-cookie-parser-1-3-4.lock
43 silly lockFile 09d11068-debug-2-1-1 debug@~2.1.1
44 verbose lock debug@~2.1.1 /Users/mcwalinski/.npm/09d11068-debug-2-1-1.lock
45 silly lockFile 35acc1b3-ejs-2-3-1 ejs@~2.3.1
46 verbose lock ejs@~2.3.1 /Users/mcwalinski/.npm/35acc1b3-ejs-2-3-1.lock
47 verbose cache add [ 'method-override@^2.3.3', null ]
48 verbose cache add name=undefined spec="method-override@^2.3.3" args=["method-override@^2.3.3",null]
49 verbose parsed url { protocol: null,
49 verbose parsed url   slashes: null,
49 verbose parsed url   auth: null,
49 verbose parsed url   host: null,
49 verbose parsed url   port: null,
49 verbose parsed url   hostname: null,
49 verbose parsed url   hash: null,
49 verbose parsed url   search: null,
49 verbose parsed url   query: null,
49 verbose parsed url   pathname: 'method-override@^2.3.3',
49 verbose parsed url   path: 'method-override@^2.3.3',
49 verbose parsed url   href: 'method-override@^2.3.3' }
50 verbose cache add name="express" spec="~4.12.2" args=["express","~4.12.2"]
51 verbose parsed url { protocol: null,
51 verbose parsed url   slashes: null,
51 verbose parsed url   auth: null,
51 verbose parsed url   host: null,
51 verbose parsed url   port: null,
51 verbose parsed url   hostname: null,
51 verbose parsed url   hash: null,
51 verbose parsed url   search: null,
51 verbose parsed url   query: null,
51 verbose parsed url   pathname: '~4.12.2',
51 verbose parsed url   path: '~4.12.2',
51 verbose parsed url   href: '~4.12.2' }
52 verbose addNamed [ 'express', '~4.12.2' ]
53 verbose addNamed [ null, '>=4.12.2-0 <4.13.0-0' ]
54 silly lockFile 702f5120-express-4-12-2 express@~4.12.2
55 verbose lock express@~4.12.2 /Users/mcwalinski/.npm/702f5120-express-4-12-2.lock
56 verbose cache add [ 'mongoose@^4.0.1', null ]
57 verbose cache add name=undefined spec="mongoose@^4.0.1" args=["mongoose@^4.0.1",null]
58 verbose parsed url { protocol: null,
58 verbose parsed url   slashes: null,
58 verbose parsed url   auth: null,
58 verbose parsed url   host: null,
58 verbose parsed url   port: null,
58 verbose parsed url   hostname: null,
58 verbose parsed url   hash: null,
58 verbose parsed url   search: null,
58 verbose parsed url   query: null,
58 verbose parsed url   pathname: 'mongoose@^4.0.1',
58 verbose parsed url   path: 'mongoose@^4.0.1',
58 verbose parsed url   href: 'mongoose@^4.0.1' }
59 verbose cache add [ 'morgan@~1.5.1', null ]
60 verbose cache add name=undefined spec="morgan@~1.5.1" args=["morgan@~1.5.1",null]
61 verbose parsed url { protocol: null,
61 verbose parsed url   slashes: null,
61 verbose parsed url   auth: null,
61 verbose parsed url   host: null,
61 verbose parsed url   port: null,
61 verbose parsed url   hostname: null,
61 verbose parsed url   hash: null,
61 verbose parsed url   search: null,
61 verbose parsed url   query: null,
61 verbose parsed url   pathname: 'morgan@~1.5.1',
61 verbose parsed url   path: 'morgan@~1.5.1',
61 verbose parsed url   href: 'morgan@~1.5.1' }
62 verbose cache add [ 'serve-favicon@~2.2.0', null ]
63 verbose cache add name=undefined spec="serve-favicon@~2.2.0" args=["serve-favicon@~2.2.0",null]
64 verbose parsed url { protocol: null,
64 verbose parsed url   slashes: null,
64 verbose parsed url   auth: null,
64 verbose parsed url   host: null,
64 verbose parsed url   port: null,
64 verbose parsed url   hostname: null,
64 verbose parsed url   hash: null,
64 verbose parsed url   search: null,
64 verbose parsed url   query: null,
64 verbose parsed url   pathname: 'serve-favicon@~2.2.0',
64 verbose parsed url   path: 'serve-favicon@~2.2.0',
64 verbose parsed url   href: 'serve-favicon@~2.2.0' }
65 verbose cache add name="method-override" spec="^2.3.3" args=["method-override","^2.3.3"]
66 verbose parsed url { protocol: null,
66 verbose parsed url   slashes: null,
66 verbose parsed url   auth: null,
66 verbose parsed url   host: null,
66 verbose parsed url   port: null,
66 verbose parsed url   hostname: null,
66 verbose parsed url   hash: null,
66 verbose parsed url   search: null,
66 verbose parsed url   query: null,
66 verbose parsed url   pathname: '^2.3.3',
66 verbose parsed url   path: '^2.3.3',
66 verbose parsed url   href: '^2.3.3' }
67 verbose addNamed [ 'method-override', '^2.3.3' ]
68 verbose addNamed [ null, '>=2.3.3-0 <3.0.0-0' ]
69 silly lockFile f804fdef-method-override-2-3-3 method-override@^2.3.3
70 verbose lock method-override@^2.3.3 /Users/mcwalinski/.npm/f804fdef-method-override-2-3-3.lock
71 verbose cache add name="mongoose" spec="^4.0.1" args=["mongoose","^4.0.1"]
72 verbose parsed url { protocol: null,
72 verbose parsed url   slashes: null,
72 verbose parsed url   auth: null,
72 verbose parsed url   host: null,
72 verbose parsed url   port: null,
72 verbose parsed url   hostname: null,
72 verbose parsed url   hash: null,
72 verbose parsed url   search: null,
72 verbose parsed url   query: null,
72 verbose parsed url   pathname: '^4.0.1',
72 verbose parsed url   path: '^4.0.1',
72 verbose parsed url   href: '^4.0.1' }
73 verbose addNamed [ 'mongoose', '^4.0.1' ]
74 verbose addNamed [ null, '>=4.0.1-0 <5.0.0-0' ]
75 silly lockFile 6d5e1044-mongoose-4-0-1 mongoose@^4.0.1
76 verbose lock mongoose@^4.0.1 /Users/mcwalinski/.npm/6d5e1044-mongoose-4-0-1.lock
77 verbose cache add name="morgan" spec="~1.5.1" args=["morgan","~1.5.1"]
78 verbose parsed url { protocol: null,
78 verbose parsed url   slashes: null,
78 verbose parsed url   auth: null,
78 verbose parsed url   host: null,
78 verbose parsed url   port: null,
78 verbose parsed url   hostname: null,
78 verbose parsed url   hash: null,
78 verbose parsed url   search: null,
78 verbose parsed url   query: null,
78 verbose parsed url   pathname: '~1.5.1',
78 verbose parsed url   path: '~1.5.1',
78 verbose parsed url   href: '~1.5.1' }
79 verbose addNamed [ 'morgan', '~1.5.1' ]
80 verbose addNamed [ null, '>=1.5.1-0 <1.6.0-0' ]
81 silly lockFile 66ba047d-morgan-1-5-1 morgan@~1.5.1
82 verbose lock morgan@~1.5.1 /Users/mcwalinski/.npm/66ba047d-morgan-1-5-1.lock
83 silly addNameRange { name: 'body-parser',
83 silly addNameRange   range: '>=1.12.0-0 <1.13.0-0',
83 silly addNameRange   hasData: false }
84 verbose cache add name="serve-favicon" spec="~2.2.0" args=["serve-favicon","~2.2.0"]
85 verbose parsed url { protocol: null,
85 verbose parsed url   slashes: null,
85 verbose parsed url   auth: null,
85 verbose parsed url   host: null,
85 verbose parsed url   port: null,
85 verbose parsed url   hostname: null,
85 verbose parsed url   hash: null,
85 verbose parsed url   search: null,
85 verbose parsed url   query: null,
85 verbose parsed url   pathname: '~2.2.0',
85 verbose parsed url   path: '~2.2.0',
85 verbose parsed url   href: '~2.2.0' }
86 verbose addNamed [ 'serve-favicon', '~2.2.0' ]
87 verbose addNamed [ null, '>=2.2.0-0 <2.3.0-0' ]
88 silly lockFile 9df5bad7-serve-favicon-2-2-0 serve-favicon@~2.2.0
89 verbose lock serve-favicon@~2.2.0 /Users/mcwalinski/.npm/9df5bad7-serve-favicon-2-2-0.lock
90 silly addNameRange { name: 'express',
90 silly addNameRange   range: '>=4.12.2-0 <4.13.0-0',
90 silly addNameRange   hasData: false }
91 silly addNameRange { name: 'cookie-parser',
91 silly addNameRange   range: '>=1.3.4-0 <1.4.0-0',
91 silly addNameRange   hasData: false }
92 silly addNameRange { name: 'debug', range: '>=2.1.1-0 <2.2.0-0', hasData: false }
93 silly addNameRange { name: 'ejs', range: '>=2.3.1-0 <2.4.0-0', hasData: false }
94 silly addNameRange { name: 'method-override',
94 silly addNameRange   range: '>=2.3.3-0 <3.0.0-0',
94 silly addNameRange   hasData: false }
95 silly addNameRange { name: 'mongoose', range: '>=4.0.1-0 <5.0.0-0', hasData: false }
96 silly addNameRange { name: 'morgan', range: '>=1.5.1-0 <1.6.0-0', hasData: false }
97 silly addNameRange { name: 'serve-favicon',
97 silly addNameRange   range: '>=2.2.0-0 <2.3.0-0',
97 silly addNameRange   hasData: false }
98 verbose request where is /body-parser
99 verbose request registry https://registry.npmjs.org/
100 verbose request id 50be3ca44a55d2fa
101 verbose url raw /body-parser
102 verbose url resolving [ 'https://registry.npmjs.org/', './body-parser' ]
103 verbose url resolved https://registry.npmjs.org/body-parser
104 verbose request where is https://registry.npmjs.org/body-parser
105 info trying registry request attempt 1 at 10:08:01
106 verbose etag "C068HBZFOI0B9ZHLE9B7GUHUK"
107 http GET https://registry.npmjs.org/body-parser
108 verbose request where is /cookie-parser
109 verbose request registry https://registry.npmjs.org/
110 verbose url raw /cookie-parser
111 verbose url resolving [ 'https://registry.npmjs.org/', './cookie-parser' ]
112 verbose url resolved https://registry.npmjs.org/cookie-parser
113 verbose request where is https://registry.npmjs.org/cookie-parser
114 info trying registry request attempt 1 at 10:08:01
115 verbose etag "7LLB6D7X2B8B82KBF69BKZGHA"
116 http GET https://registry.npmjs.org/cookie-parser
117 verbose request where is /express
118 verbose request registry https://registry.npmjs.org/
119 verbose url raw /express
120 verbose url resolving [ 'https://registry.npmjs.org/', './express' ]
121 verbose url resolved https://registry.npmjs.org/express
122 verbose request where is https://registry.npmjs.org/express
123 info trying registry request attempt 1 at 10:08:01
124 verbose etag "4PTX0KDPZDOVFPCPJ3L7FBBD7"
125 http GET https://registry.npmjs.org/express
126 verbose request where is /debug
127 verbose request registry https://registry.npmjs.org/
128 verbose url raw /debug
129 verbose url resolving [ 'https://registry.npmjs.org/', './debug' ]
130 verbose url resolved https://registry.npmjs.org/debug
131 verbose request where is https://registry.npmjs.org/debug
132 info trying registry request attempt 1 at 10:08:01
133 verbose etag "8WVTZQXUEJFL9J7UEN6NGI73Z"
134 http GET https://registry.npmjs.org/debug
135 verbose request where is /ejs
136 verbose request registry https://registry.npmjs.org/
137 verbose url raw /ejs
138 verbose url resolving [ 'https://registry.npmjs.org/', './ejs' ]
139 verbose url resolved https://registry.npmjs.org/ejs
140 verbose request where is https://registry.npmjs.org/ejs
141 info trying registry request attempt 1 at 10:08:01
142 verbose etag "3HV0L8D5W8NOUPKKNMUFM3UYS"
143 http GET https://registry.npmjs.org/ejs
144 verbose request where is /method-override
145 verbose request registry https://registry.npmjs.org/
146 verbose url raw /method-override
147 verbose url resolving [ 'https://registry.npmjs.org/', './method-override' ]
148 verbose url resolved https://registry.npmjs.org/method-override
149 verbose request where is https://registry.npmjs.org/method-override
150 info trying registry request attempt 1 at 10:08:01
151 verbose etag "2GZU6ZNOL9HQV7B7KI4OUXOHK"
152 http GET https://registry.npmjs.org/method-override
153 verbose request where is /morgan
154 verbose request registry https://registry.npmjs.org/
155 verbose url raw /morgan
156 verbose url resolving [ 'https://registry.npmjs.org/', './morgan' ]
157 verbose url resolved https://registry.npmjs.org/morgan
158 verbose request where is https://registry.npmjs.org/morgan
159 info trying registry request attempt 1 at 10:08:01
160 verbose etag "4XUYK78AX6OPW2P3IXCSVOVFR"
161 http GET https://registry.npmjs.org/morgan
162 verbose request where is /serve-favicon
163 verbose request registry https://registry.npmjs.org/
164 verbose url raw /serve-favicon
165 verbose url resolving [ 'https://registry.npmjs.org/', './serve-favicon' ]
166 verbose url resolved https://registry.npmjs.org/serve-favicon
167 verbose request where is https://registry.npmjs.org/serve-favicon
168 info trying registry request attempt 1 at 10:08:01
169 verbose etag "597996N86YMEW5BPKM4YJIEM5"
170 http GET https://registry.npmjs.org/serve-favicon
171 verbose request where is /mongoose
172 verbose request registry https://registry.npmjs.org/
173 verbose url raw /mongoose
174 verbose url resolving [ 'https://registry.npmjs.org/', './mongoose' ]
175 verbose url resolved https://registry.npmjs.org/mongoose
176 verbose request where is https://registry.npmjs.org/mongoose
177 info trying registry request attempt 1 at 10:08:01
178 verbose etag "CLMTSOODUM6RNPT46BX7ZVZWL"
179 http GET https://registry.npmjs.org/mongoose
180 http 200 https://registry.npmjs.org/cookie-parser
181 silly registry.get cb [ 200,
181 silly registry.get   { server: 'CouchDB/1.5.0 (Erlang OTP/R16B03)',
181 silly registry.get     etag: '"3B19VUZZP8RK4MY4JWOBU0CYH"',
181 silly registry.get     'content-type': 'application/json',
181 silly registry.get     'cache-control': 'max-age=300',
181 silly registry.get     'content-length': '22295',
181 silly registry.get     'accept-ranges': 'bytes',
181 silly registry.get     date: 'Tue, 08 Mar 2016 15:08:01 GMT',
181 silly registry.get     via: '1.1 varnish',
181 silly registry.get     age: '85',
181 silly registry.get     connection: 'keep-alive',
181 silly registry.get     'x-served-by': 'cache-atl6248-ATL',
181 silly registry.get     'x-cache': 'HIT',
181 silly registry.get     'x-cache-hits': '4',
181 silly registry.get     'x-timer': 'S1457449681.417049,VS0,VE0',
181 silly registry.get     vary: 'Accept' } ]
182 http 200 https://registry.npmjs.org/debug
183 silly registry.get cb [ 200,
183 silly registry.get   { server: 'CouchDB/1.5.0 (Erlang OTP/R16B03)',
183 silly registry.get     etag: '"ERQ5LK33RLD6D09OJOUBD42T8"',
183 silly registry.get     'content-type': 'application/json',
183 silly registry.get     'cache-control': 'max-age=300',
183 silly registry.get     'content-length': '36944',
183 silly registry.get     'accept-ranges': 'bytes',
183 silly registry.get     date: 'Tue, 08 Mar 2016 15:08:01 GMT',
183 silly registry.get     via: '1.1 varnish',
183 silly registry.get     age: '71',
183 silly registry.get     connection: 'keep-alive',
183 silly registry.get     'x-served-by': 'cache-atl6228-ATL',
183 silly registry.get     'x-cache': 'HIT',
183 silly registry.get     'x-cache-hits': '10',
183 silly registry.get     'x-timer': 'S1457449681.421090,VS0,VE0',
183 silly registry.get     vary: 'Accept' } ]
184 silly addNameRange number 2 { name: 'cookie-parser',
184 silly addNameRange   range: '>=1.3.4-0 <1.4.0-0',
184 silly addNameRange   hasData: true }
185 silly addNameRange versions [ 'cookie-parser',
185 silly addNameRange   [ '1.0.0',
185 silly addNameRange     '1.0.1',
185 silly addNameRange     '1.1.0',
185 silly addNameRange     '1.2.0',
185 silly addNameRange     '1.3.0',
185 silly addNameRange     '1.3.1',
185 silly addNameRange     '1.3.2',
185 silly addNameRange     '1.3.3',
185 silly addNameRange     '1.3.4',
185 silly addNameRange     '1.3.5',
185 silly addNameRange     '1.4.0',
185 silly addNameRange     '1.4.1' ] ]
186 verbose addNamed [ 'cookie-parser', '1.3.5' ]
187 verbose addNamed [ '1.3.5', '1.3.5' ]
188 silly lockFile b6f1abc3-cookie-parser-1-3-5 cookie-parser@1.3.5
189 verbose lock cookie-parser@1.3.5 /Users/mcwalinski/.npm/b6f1abc3-cookie-parser-1-3-5.lock
190 silly addNameRange number 2 { name: 'debug', range: '>=2.1.1-0 <2.2.0-0', hasData: true }
191 silly addNameRange versions [ 'debug',
191 silly addNameRange   [ '0.0.1',
191 silly addNameRange     '0.1.0',
191 silly addNameRange     '0.2.0',
191 silly addNameRange     '0.3.0',
191 silly addNameRange     '0.4.0',
191 silly addNameRange     '0.4.1',
191 silly addNameRange     '0.5.0',
191 silly addNameRange     '0.6.0',
191 silly addNameRange     '0.7.0',
191 silly addNameRange     '0.7.1',
191 silly addNameRange     '0.7.2',
191 silly addNameRange     '0.7.3',
191 silly addNameRange     '0.7.4',
191 silly addNameRange     '0.8.0',
191 silly addNameRange     '0.8.1',
191 silly addNameRange     '1.0.0',
191 silly addNameRange     '1.0.1',
191 silly addNameRange     '1.0.2',
191 silly addNameRange     '1.0.3',
191 silly addNameRange     '1.0.4',
191 silly addNameRange     '2.0.0',
191 silly addNameRange     '2.1.0',
191 silly addNameRange     '2.1.1',
191 silly addNameRange     '2.1.2',
191 silly addNameRange     '2.1.3',
191 silly addNameRange     '2.2.0' ] ]
192 verbose addNamed [ 'debug', '2.1.3' ]
193 verbose addNamed [ '2.1.3', '2.1.3' ]
194 silly lockFile aef7a5b5-debug-2-1-3 debug@2.1.3
195 verbose lock debug@2.1.3 /Users/mcwalinski/.npm/aef7a5b5-debug-2-1-3.lock
196 silly lockFile b6f1abc3-cookie-parser-1-3-5 cookie-parser@1.3.5
197 silly lockFile b6f1abc3-cookie-parser-1-3-5 cookie-parser@1.3.5
198 silly lockFile bb69fa92-cookie-parser-1-3-4 cookie-parser@~1.3.4
199 silly lockFile bb69fa92-cookie-parser-1-3-4 cookie-parser@~1.3.4
200 silly lockFile aef7a5b5-debug-2-1-3 debug@2.1.3
201 silly lockFile aef7a5b5-debug-2-1-3 debug@2.1.3
202 silly lockFile 09d11068-debug-2-1-1 debug@~2.1.1
203 silly lockFile 09d11068-debug-2-1-1 debug@~2.1.1
204 http 200 https://registry.npmjs.org/ejs
205 silly registry.get cb [ 200,
205 silly registry.get   { server: 'CouchDB/1.5.0 (Erlang OTP/R16B03)',
205 silly registry.get     etag: '"5QL4P4FKYW4PBJSD6I5RIXWL4"',
205 silly registry.get     'content-type': 'application/json',
205 silly registry.get     'cache-control': 'max-age=300',
205 silly registry.get     'content-length': '52388',
205 silly registry.get     'accept-ranges': 'bytes',
205 silly registry.get     date: 'Tue, 08 Mar 2016 15:08:01 GMT',
205 silly registry.get     via: '1.1 varnish',
205 silly registry.get     age: '57',
205 silly registry.get     connection: 'keep-alive',
205 silly registry.get     'x-served-by': 'cache-atl6244-ATL',
205 silly registry.get     'x-cache': 'HIT',
205 silly registry.get     'x-cache-hits': '1',
205 silly registry.get     'x-timer': 'S1457449681.410832,VS0,VE0',
205 silly registry.get     vary: 'Accept' } ]
206 silly addNameRange number 2 { name: 'ejs', range: '>=2.3.1-0 <2.4.0-0', hasData: true }
207 silly addNameRange versions [ 'ejs',
207 silly addNameRange   [ '0.0.1',
207 silly addNameRange     '0.0.2',
207 silly addNameRange     '0.0.3',
207 silly addNameRange     '0.0.4',
207 silly addNameRange     '0.1.0',
207 silly addNameRange     '0.2.0',
207 silly addNameRange     '0.2.1',
207 silly addNameRange     '0.3.0',
207 silly addNameRange     '0.3.1',
207 silly addNameRange     '0.4.0',
207 silly addNameRange     '0.4.1',
207 silly addNameRange     '0.4.2',
207 silly addNameRange     '0.4.3',
207 silly addNameRange     '0.5.0',
207 silly addNameRange     '0.6.0',
207 silly addNameRange     '0.6.1',
207 silly addNameRange     '0.7.0',
207 silly addNameRange     '0.7.1',
207 silly addNameRange     '0.7.2',
207 silly addNameRange     '0.8.0',
207 silly addNameRange     '0.8.1',
207 silly addNameRange     '0.8.2',
207 silly addNameRange     '0.8.3',
207 silly addNameRange     '0.8.4',
207 silly addNameRange     '0.8.5',
207 silly addNameRange     '0.8.6',
207 silly addNameRange     '0.8.8',
207 silly addNameRange     '1.0.0',
207 silly addNameRange     '2.0.2',
207 silly addNameRange     '2.0.3',
207 silly addNameRange     '2.0.4',
207 silly addNameRange     '2.0.5',
207 silly addNameRange     '2.0.6',
207 silly addNameRange     '2.0.7',
207 silly addNameRange     '2.0.8',
207 silly addNameRange     '2.1.1',
207 silly addNameRange     '2.1.2',
207 silly addNameRange     '2.1.3',
207 silly addNameRange     '2.1.4',
207 silly addNameRange     '2.2.1',
207 silly addNameRange     '2.2.2',
207 silly addNameRange     '2.2.3',
207 silly addNameRange     '2.2.4',
207 silly addNameRange     '2.3.1',
207 silly addNameRange     '2.3.2',
207 silly addNameRange     '2.3.3',
207 silly addNameRange     '2.3.4',
207 silly addNameRange     '2.4.1' ] ]
208 verbose addNamed [ 'ejs', '2.3.4' ]
209 verbose addNamed [ '2.3.4', '2.3.4' ]
210 silly lockFile 7d57aeaf-ejs-2-3-4 ejs@2.3.4
211 verbose lock ejs@2.3.4 /Users/mcwalinski/.npm/7d57aeaf-ejs-2-3-4.lock
212 http 200 https://registry.npmjs.org/body-parser
213 silly registry.get cb [ 200,
213 silly registry.get   { server: 'CouchDB/1.5.0 (Erlang OTP/R16B03)',
213 silly registry.get     etag: '"DJ8TNA8UKZ9BLKI6NBKEJ6RIC"',
213 silly registry.get     'content-type': 'application/json',
213 silly registry.get     'cache-control': 'max-age=300',
213 silly registry.get     'content-length': '115535',
213 silly registry.get     'accept-ranges': 'bytes',
213 silly registry.get     date: 'Tue, 08 Mar 2016 15:08:01 GMT',
213 silly registry.get     via: '1.1 varnish',
213 silly registry.get     age: '12',
213 silly registry.get     connection: 'keep-alive',
213 silly registry.get     'x-served-by': 'cache-atl6224-ATL',
213 silly registry.get     'x-cache': 'HIT',
213 silly registry.get     'x-cache-hits': '2',
213 silly registry.get     'x-timer': 'S1457449681.408680,VS0,VE0',
213 silly registry.get     vary: 'Accept' } ]
214 silly addNameRange number 2 { name: 'body-parser',
214 silly addNameRange   range: '>=1.12.0-0 <1.13.0-0',
214 silly addNameRange   hasData: true }
215 silly addNameRange versions [ 'body-parser',
215 silly addNameRange   [ '1.0.0',
215 silly addNameRange     '1.0.1',
215 silly addNameRange     '1.0.2',
215 silly addNameRange     '1.1.0',
215 silly addNameRange     '1.1.1',
215 silly addNameRange     '1.1.2',
215 silly addNameRange     '1.2.0',
215 silly addNameRange     '1.2.1',
215 silly addNameRange     '1.2.2',
215 silly addNameRange     '1.3.0',
215 silly addNameRange     '1.3.1',
215 silly addNameRange     '1.4.0',
215 silly addNameRange     '1.4.1',
215 silly addNameRange     '1.4.2',
215 silly addNameRange     '1.4.3',
215 silly addNameRange     '1.5.0',
215 silly addNameRange     '1.5.1',
215 silly addNameRange     '1.5.2',
215 silly addNameRange     '1.6.0',
215 silly addNameRange     '1.6.1',
215 silly addNameRange     '1.6.2',
215 silly addNameRange     '1.6.3',
215 silly addNameRange     '1.6.4',
215 silly addNameRange     '1.6.5',
215 silly addNameRange     '1.6.6',
215 silly addNameRange     '1.6.7',
215 silly addNameRange     '1.7.0',
215 silly addNameRange     '1.8.0',
215 silly addNameRange     '1.8.1',
215 silly addNameRange     '1.8.2',
215 silly addNameRange     '1.8.3',
215 silly addNameRange     '1.8.4',
215 silly addNameRange     '1.9.0',
215 silly addNameRange     '1.9.1',
215 silly addNameRange     '1.9.2',
215 silly addNameRange     '1.9.3',
215 silly addNameRange     '1.10.0',
215 silly addNameRange     '1.10.1',
215 silly addNameRange     '1.10.2',
215 silly addNameRange     '1.11.0',
215 silly addNameRange     '1.12.0',
215 silly addNameRange     '1.12.1',
215 silly addNameRange     '1.12.2',
215 silly addNameRange     '1.12.3',
215 silly addNameRange     '1.12.4',
215 silly addNameRange     '1.13.0',
215 silly addNameRange     '1.13.1',
215 silly addNameRange     '1.13.2',
215 silly addNameRange     '1.13.3',
215 silly addNameRange     '1.14.0',
215 silly addNameRange     '1.14.1',
215 silly addNameRange     '1.14.2',
215 silly addNameRange     '1.15.0' ] ]
216 verbose addNamed [ 'body-parser', '1.12.4' ]
217 verbose addNamed [ '1.12.4', '1.12.4' ]
218 silly lockFile b06c8939-body-parser-1-12-4 body-parser@1.12.4
219 verbose lock body-parser@1.12.4 /Users/mcwalinski/.npm/b06c8939-body-parser-1-12-4.lock
220 silly lockFile 7d57aeaf-ejs-2-3-4 ejs@2.3.4
221 silly lockFile 7d57aeaf-ejs-2-3-4 ejs@2.3.4
222 silly lockFile 35acc1b3-ejs-2-3-1 ejs@~2.3.1
223 silly lockFile 35acc1b3-ejs-2-3-1 ejs@~2.3.1
224 silly lockFile b06c8939-body-parser-1-12-4 body-parser@1.12.4
225 silly lockFile b06c8939-body-parser-1-12-4 body-parser@1.12.4
226 silly lockFile 6121e062-body-parser-1-12-0 body-parser@~1.12.0
227 silly lockFile 6121e062-body-parser-1-12-0 body-parser@~1.12.0
228 http 200 https://registry.npmjs.org/method-override
229 silly registry.get cb [ 200,
229 silly registry.get   { server: 'CouchDB/1.5.0 (Erlang OTP/R16B03)',
229 silly registry.get     etag: '"B5KEM8JMG2Y7LGKUWTIG8QTB9"',
229 silly registry.get     'content-type': 'application/json',
229 silly registry.get     'cache-control': 'max-age=300',
229 silly registry.get     'content-length': '35945',
229 silly registry.get     'accept-ranges': 'bytes',
229 silly registry.get     date: 'Tue, 08 Mar 2016 15:08:01 GMT',
229 silly registry.get     via: '1.1 varnish',
229 silly registry.get     age: '77',
229 silly registry.get     connection: 'keep-alive',
229 silly registry.get     'x-served-by': 'cache-atl6248-ATL',
229 silly registry.get     'x-cache': 'HIT',
229 silly registry.get     'x-cache-hits': '3',
229 silly registry.get     'x-timer': 'S1457449681.479942,VS0,VE0',
229 silly registry.get     vary: 'Accept' } ]
230 http 200 https://registry.npmjs.org/serve-favicon
231 silly registry.get cb [ 200,
231 silly registry.get   { server: 'CouchDB/1.5.0 (Erlang OTP/R16B03)',
231 silly registry.get     etag: '"2JR1VRSB90S7X148M9UFOCAOT"',
231 silly registry.get     'content-type': 'application/json',
231 silly registry.get     'cache-control': 'max-age=300',
231 silly registry.get     'content-length': '24272',
231 silly registry.get     'accept-ranges': 'bytes',
231 silly registry.get     date: 'Tue, 08 Mar 2016 15:08:01 GMT',
231 silly registry.get     via: '1.1 varnish',
231 silly registry.get     age: '79',
231 silly registry.get     connection: 'keep-alive',
231 silly registry.get     'x-served-by': 'cache-atl6244-ATL',
231 silly registry.get     'x-cache': 'HIT',
231 silly registry.get     'x-cache-hits': '2',
231 silly registry.get     'x-timer': 'S1457449681.514167,VS0,VE0',
231 silly registry.get     vary: 'Accept' } ]
232 silly addNameRange number 2 { name: 'method-override',
232 silly addNameRange   range: '>=2.3.3-0 <3.0.0-0',
232 silly addNameRange   hasData: true }
233 silly addNameRange versions [ 'method-override',
233 silly addNameRange   [ '1.0.0',
233 silly addNameRange     '1.0.1',
233 silly addNameRange     '1.0.2',
233 silly addNameRange     '2.0.0',
233 silly addNameRange     '2.0.1',
233 silly addNameRange     '2.0.2',
233 silly addNameRange     '2.1.0',
233 silly addNameRange     '2.1.1',
233 silly addNameRange     '2.1.2',
233 silly addNameRange     '2.1.3',
233 silly addNameRange     '2.2.0',
233 silly addNameRange     '2.3.0',
233 silly addNameRange     '2.3.1',
233 silly addNameRange     '2.3.2',
233 silly addNameRange     '2.3.3',
233 silly addNameRange     '2.3.4',
233 silly addNameRange     '2.3.5' ] ]
234 verbose addNamed [ 'method-override', '2.3.5' ]
235 verbose addNamed [ '2.3.5', '2.3.5' ]
236 silly lockFile f87bcb61-method-override-2-3-5 method-override@2.3.5
237 verbose lock method-override@2.3.5 /Users/mcwalinski/.npm/f87bcb61-method-override-2-3-5.lock
238 silly addNameRange number 2 { name: 'serve-favicon',
238 silly addNameRange   range: '>=2.2.0-0 <2.3.0-0',
238 silly addNameRange   hasData: true }
239 silly addNameRange versions [ 'serve-favicon',
239 silly addNameRange   [ '2.0.0',
239 silly addNameRange     '2.0.1',
239 silly addNameRange     '2.1.0',
239 silly addNameRange     '2.1.1',
239 silly addNameRange     '2.1.2',
239 silly addNameRange     '2.1.3',
239 silly addNameRange     '2.1.4',
239 silly addNameRange     '2.1.5',
239 silly addNameRange     '2.1.6',
239 silly addNameRange     '2.1.7',
239 silly addNameRange     '2.2.0',
239 silly addNameRange     '2.2.1',
239 silly addNameRange     '2.3.0' ] ]
240 verbose addNamed [ 'serve-favicon', '2.2.1' ]
241 verbose addNamed [ '2.2.1', '2.2.1' ]
242 silly lockFile 6918e89a-serve-favicon-2-2-1 serve-favicon@2.2.1
243 verbose lock serve-favicon@2.2.1 /Users/mcwalinski/.npm/6918e89a-serve-favicon-2-2-1.lock
244 silly lockFile f87bcb61-method-override-2-3-5 method-override@2.3.5
245 silly lockFile f87bcb61-method-override-2-3-5 method-override@2.3.5
246 silly lockFile f804fdef-method-override-2-3-3 method-override@^2.3.3
247 silly lockFile f804fdef-method-override-2-3-3 method-override@^2.3.3
248 silly lockFile 6918e89a-serve-favicon-2-2-1 serve-favicon@2.2.1
249 silly lockFile 6918e89a-serve-favicon-2-2-1 serve-favicon@2.2.1
250 silly lockFile 9df5bad7-serve-favicon-2-2-0 serve-favicon@~2.2.0
251 silly lockFile 9df5bad7-serve-favicon-2-2-0 serve-favicon@~2.2.0
252 http 200 https://registry.npmjs.org/morgan
253 silly registry.get cb [ 200,
253 silly registry.get   { server: 'CouchDB/1.5.0 (Erlang OTP/R16B03)',
253 silly registry.get     etag: '"103BVSA4FR5ILPE12R7W2DKDT"',
253 silly registry.get     'content-type': 'application/json',
253 silly registry.get     'cache-control': 'max-age=300',
253 silly registry.get     'content-length': '45510',
253 silly registry.get     'accept-ranges': 'bytes',
253 silly registry.get     date: 'Tue, 08 Mar 2016 15:08:01 GMT',
253 silly registry.get     via: '1.1 varnish',
253 silly registry.get     age: '148',
253 silly registry.get     connection: 'keep-alive',
253 silly registry.get     'x-served-by': 'cache-atl6228-ATL',
253 silly registry.get     'x-cache': 'HIT',
253 silly registry.get     'x-cache-hits': '4',
253 silly registry.get     'x-timer': 'S1457449681.492884,VS0,VE0',
253 silly registry.get     vary: 'Accept' } ]
254 silly addNameRange number 2 { name: 'morgan', range: '>=1.5.1-0 <1.6.0-0', hasData: true }
255 silly addNameRange versions [ 'morgan',
255 silly addNameRange   [ '1.0.0',
255 silly addNameRange     '1.0.1',
255 silly addNameRange     '1.1.0',
255 silly addNameRange     '1.1.1',
255 silly addNameRange     '1.2.0',
255 silly addNameRange     '1.2.1',
255 silly addNameRange     '1.2.2',
255 silly addNameRange     '1.2.3',
255 silly addNameRange     '1.3.0',
255 silly addNameRange     '1.3.1',
255 silly addNameRange     '1.3.2',
255 silly addNameRange     '1.4.0',
255 silly addNameRange     '1.4.1',
255 silly addNameRange     '1.5.0',
255 silly addNameRange     '1.5.1',
255 silly addNameRange     '1.5.2',
255 silly addNameRange     '1.5.3',
255 silly addNameRange     '1.6.0',
255 silly addNameRange     '1.6.1',
255 silly addNameRange     '1.7.0' ] ]
256 verbose addNamed [ 'morgan', '1.5.3' ]
257 verbose addNamed [ '1.5.3', '1.5.3' ]
258 silly lockFile 012ce855-morgan-1-5-3 morgan@1.5.3
259 verbose lock morgan@1.5.3 /Users/mcwalinski/.npm/012ce855-morgan-1-5-3.lock
260 silly lockFile 012ce855-morgan-1-5-3 morgan@1.5.3
261 silly lockFile 012ce855-morgan-1-5-3 morgan@1.5.3
262 silly lockFile 66ba047d-morgan-1-5-1 morgan@~1.5.1
263 silly lockFile 66ba047d-morgan-1-5-1 morgan@~1.5.1
264 http 200 https://registry.npmjs.org/express
265 silly registry.get cb [ 200,
265 silly registry.get   { server: 'CouchDB/1.5.0 (Erlang OTP/R16B03)',
265 silly registry.get     etag: '"6ELI0FFJ2QL6PYA5H3UEILK4H"',
265 silly registry.get     'content-type': 'application/json',
265 silly registry.get     'cache-control': 'max-age=300',
265 silly registry.get     'content-length': '534521',
265 silly registry.get     'accept-ranges': 'bytes',
265 silly registry.get     date: 'Tue, 08 Mar 2016 15:08:01 GMT',
265 silly registry.get     via: '1.1 varnish',
265 silly registry.get     age: '146',
265 silly registry.get     connection: 'keep-alive',
265 silly registry.get     'x-served-by': 'cache-atl6246-ATL',
265 silly registry.get     'x-cache': 'HIT',
265 silly registry.get     'x-cache-hits': '3',
265 silly registry.get     'x-timer': 'S1457449681.398303,VS0,VE0',
265 silly registry.get     vary: 'Accept' } ]
266 silly addNameRange number 2 { name: 'express', range: '>=4.12.2-0 <4.13.0-0', hasData: true }
267 silly addNameRange versions [ 'express',
267 silly addNameRange   [ '0.14.0',
267 silly addNameRange     '0.14.1',
267 silly addNameRange     '1.0.0',
267 silly addNameRange     '1.0.1',
267 silly addNameRange     '1.0.2',
267 silly addNameRange     '1.0.3',
267 silly addNameRange     '1.0.4',
267 silly addNameRange     '1.0.5',
267 silly addNameRange     '1.0.6',
267 silly addNameRange     '1.0.7',
267 silly addNameRange     '1.0.8',
267 silly addNameRange     '2.0.0',
267 silly addNameRange     '2.1.0',
267 silly addNameRange     '2.1.1',
267 silly addNameRange     '2.2.0',
267 silly addNameRange     '2.2.1',
267 silly addNameRange     '2.2.2',
267 silly addNameRange     '2.3.0',
267 silly addNameRange     '2.3.1',
267 silly addNameRange     '2.3.2',
267 silly addNameRange     '2.3.3',
267 silly addNameRange     '2.3.4',
267 silly addNameRange     '2.3.5',
267 silly addNameRange     '2.3.6',
267 silly addNameRange     '2.3.7',
267 silly addNameRange     '2.3.8',
267 silly addNameRange     '2.3.9',
267 silly addNameRange     '2.3.10',
267 silly addNameRange     '2.3.11',
267 silly addNameRange     '2.3.12',
267 silly addNameRange     '2.4.0',
267 silly addNameRange     '2.4.1',
267 silly addNameRange     '2.4.2',
267 silly addNameRange     '2.4.3',
267 silly addNameRange     '2.4.4',
267 silly addNameRange     '2.4.5',
267 silly addNameRange     '2.4.6',
267 silly addNameRange     '2.4.7',
267 silly addNameRange     '2.5.0',
267 silly addNameRange     '2.5.1',
267 silly addNameRange     '2.5.2',
267 silly addNameRange     '2.5.3',
267 silly addNameRange     '2.5.4',
267 silly addNameRange     '2.5.5',
267 silly addNameRange     '2.5.6',
267 silly addNameRange     '2.5.7',
267 silly addNameRange     '2.5.8',
267 silly addNameRange     '2.5.9',
267 silly addNameRange     '2.5.10',
267 silly addNameRange     '2.5.11',
267 silly addNameRange     '3.0.0',
267 silly addNameRange     '3.0.1',
267 silly addNameRange     '3.0.2',
267 silly addNameRange     '3.0.3',
267 silly addNameRange     '3.0.4',
267 silly addNameRange     '3.0.5',
267 silly addNameRange     '3.0.6',
267 silly addNameRange     '3.1.0',
267 silly addNameRange     '3.1.1',
267 silly addNameRange     '3.1.2',
267 silly addNameRange     '3.2.0',
267 silly addNameRange     '3.2.1',
267 silly addNameRange     '3.2.2',
267 silly addNameRange     '3.2.3',
267 silly addNameRange     '3.2.4',
267 silly addNameRange     '3.2.5',
267 silly addNameRange     '3.2.6',
267 silly addNameRange     '3.3.0',
267 silly addNameRange     '3.3.1',
267 silly addNameRange     '3.3.2',
267 silly addNameRange     '3.3.3',
267 silly addNameRange     '3.3.4',
267 silly addNameRange     '3.3.5',
267 silly addNameRange     '3.3.6',
267 silly addNameRange     '1.0.0-beta',
267 silly addNameRange     '1.0.0-beta2',
267 silly addNameRange     '1.0.0-rc',
267 silly addNameRange     '1.0.0-rc2',
267 silly addNameRange     '1.0.0-rc3',
267 silly addNameRange     '1.0.0-rc4',
267 silly addNameRange     '2.0.0-beta',
267 silly addNameRange     '2.0.0-beta2',
267 silly addNameRange     '2.0.0-beta3',
267 silly addNameRange     '2.0.0-rc',
267 silly addNameRange     '2.0.0-rc2',
267 silly addNameRange     '2.0.0-rc3',
267 silly addNameRange     '3.0.0-alpha1',
267 silly addNameRange     '3.0.0-alpha2',
267 silly addNameRange     '3.0.0-alpha3',
267 silly addNameRange     '3.0.0-alpha4',
267 silly addNameRange     '3.0.0-alpha5',
267 silly addNameRange     '3.0.0-beta1',
267 silly addNameRange     '3.0.0-beta2',
267 silly addNameRange     '3.0.0-beta3',
267 silly addNameRange     '3.0.0-beta4',
267 silly addNameRange     '3.0.0-beta6',
267 silly addNameRange     '3.0.0-beta7',
267 silly addNameRange     '3.0.0-rc1',
267 silly addNameRange     '3.0.0-rc2',
267 silly addNameRange     '3.0.0-rc3',
267 silly addNameRange     '3.0.0-rc4',
267 silly addNameRange     '3.0.0-rc5',
267 silly addNameRange     '3.3.7',
267 silly addNameRange     '3.3.8',
267 silly addNameRange     '3.4.0',
267 silly addNameRange     '3.4.1',
267 silly addNameRange     '3.4.2',
267 silly addNameRange     '3.4.3',
267 silly addNameRange     '3.4.4',
267 silly addNameRange     '3.4.5',
267 silly addNameRange     '3.4.6',
267 silly addNameRange     '3.4.7',
267 silly addNameRange     '3.4.8',
267 silly addNameRange     '4.0.0-rc1',
267 silly addNameRange     '4.0.0-rc2',
267 silly addNameRange     '3.5.0',
267 silly addNameRange     '4.0.0-rc3',
267 silly addNameRange     '4.0.0-rc4',
267 silly addNameRange     '3.5.1',
267 silly addNameRange     '4.0.0',
267 silly addNameRange     '3.5.2',
267 silly addNameRange     '4.1.0',
267 silly addNameRange     '4.1.1',
267 silly addNameRange     '3.5.3',
267 silly addNameRange     '4.1.2',
267 silly addNameRange     '3.6.0',
267 silly addNameRange     '4.2.0',
267 silly addNameRange     '3.7.0',
267 silly addNameRange     '3.8.0',
267 silly addNameRange     '4.3.0',
267 silly addNameRange     '4.3.1',
267 silly addNameRange     '3.8.1',
267 silly addNameRange     '4.3.2',
267 silly addNameRange     '3.9.0',
267 silly addNameRange     '4.4.0',
267 silly addNameRange     '4.4.1',
267 silly addNameRange     '3.10.0',
267 silly addNameRange     '3.10.1',
267 silly addNameRange     '3.10.2',
267 silly addNameRange     '3.10.3',
267 silly addNameRange     '3.10.4',
267 silly addNameRange     '4.4.2',
267 silly addNameRange     '3.10.5',
267 silly addNameRange     '4.4.3',
267 silly addNameRange     '3.11.0',
267 silly addNameRange     '4.4.4',
267 silly addNameRange     '3.12.0',
267 silly addNameRange     '3.12.1',
267 silly addNameRange     '4.4.5',
267 silly addNameRange     '3.13.0',
267 silly addNameRange     '4.5.0',
267 silly addNameRange     '4.5.1',
267 silly addNameRange     '3.14.0',
267 silly addNameRange     '4.6.0',
267 silly addNameRange     '4.6.1',
267 silly addNameRange     '3.15.0',
267 silly addNameRange     '4.7.0',
267 silly addNameRange     '3.15.1',
267 silly addNameRange     '4.7.1',
267 silly addNameRange     '3.15.2',
267 silly addNameRange     '4.7.2',
267 silly addNameRange     '4.7.3',
267 silly addNameRange     '3.15.3',
267 silly addNameRange     '4.7.4',
267 silly addNameRange     '3.16.0',
267 silly addNameRange     '4.8.0',
267 silly addNameRange     '3.16.1',
267 silly addNameRange     '4.8.1',
267 silly addNameRange     '3.16.2',
267 silly addNameRange     '4.8.2',
267 silly addNameRange     '3.16.3',
267 silly addNameRange     '3.16.4',
267 silly addNameRange     '4.8.3',
267 silly addNameRange     '3.16.5',
267 silly addNameRange     '3.16.6',
267 silly addNameRange     '4.8.4',
267 silly addNameRange     '3.16.7',
267 silly addNameRange     '4.8.5',
267 silly addNameRange     '3.16.8',
267 silly addNameRange     '4.8.6',
267 silly addNameRange     '3.16.9',
267 silly addNameRange     '4.8.7',
267 silly addNameRange     '3.16.10',
267 silly addNameRange     '4.8.8',
267 silly addNameRange     '3.17.0',
267 silly addNameRange     '3.17.1',
267 silly addNameRange     '4.9.0',
267 silly addNameRange     '3.17.2',
267 silly addNameRange     '4.9.1',
267 silly addNameRange     '4.9.2',
267 silly addNameRange     '3.17.3',
267 silly addNameRange     '4.9.3',
267 silly addNameRange     '3.17.4',
267 silly addNameRange     '4.9.4',
267 silly addNameRange     '3.17.5',
267 silly addNameRange     '4.9.5',
267 silly addNameRange     '3.17.6',
267 silly addNameRange     '3.17.7',
267 silly addNameRange     '4.9.6',
267 silly addNameRange     '4.9.7',
267 silly addNameRange     '3.17.8',
267 silly addNameRange     '4.9.8',
267 silly addNameRange     '3.18.0',
267 silly addNameRange     '3.18.1',
267 silly addNameRange     '4.10.0',
267 silly addNameRange     '3.18.2',
267 silly addNameRange     '4.10.1',
267 silly addNameRange     '5.0.0-alpha.1',
267 silly addNameRange     '3.18.3',
267 silly addNameRange     '4.10.2',
267 silly addNameRange     '3.18.4',
267 silly addNameRange     '4.10.3',
267 silly addNameRange     '4.10.4',
267 silly addNameRange     '4.10.5',
267 silly addNameRange     '3.18.5',
267 silly addNameRange     '3.18.6',
267 silly addNameRange     '4.10.6',
267 silly addNameRange     '4.10.7',
267 silly addNameRange     '3.19.0',
267 silly addNameRange     '4.10.8',
267 silly addNameRange     '4.11.0',
267 silly addNameRange     '3.19.1',
267 silly addNameRange     '4.11.1',
267 silly addNameRange     '3.19.2',
267 silly addNameRange     '4.11.2',
267 silly addNameRange     '3.20.0',
267 silly addNameRange     '4.12.0',
267 silly addNameRange     '3.20.1',
267 silly addNameRange     '4.12.1',
267 silly addNameRange     '4.12.2',
267 silly addNameRange     '3.20.2',
267 silly addNameRange     '4.12.3',
267 silly addNameRange     '3.20.3',
267 silly addNameRange     '4.12.4',
267 silly addNameRange     '3.21.0',
267 silly addNameRange     '4.13.0',
267 silly addNameRange     '3.21.1',
267 silly addNameRange     '4.13.1',
267 silly addNameRange     '5.0.0-alpha.2',
267 silly addNameRange     '3.21.2',
267 silly addNameRange     '4.13.2',
267 silly addNameRange     '4.13.3',
267 silly addNameRange     '4.13.4' ] ]
268 verbose addNamed [ 'express', '4.12.4' ]
269 verbose addNamed [ '4.12.4', '4.12.4' ]
270 silly lockFile 3b813118-express-4-12-4 express@4.12.4
271 verbose lock express@4.12.4 /Users/mcwalinski/.npm/3b813118-express-4-12-4.lock
272 silly lockFile 3b813118-express-4-12-4 express@4.12.4
273 silly lockFile 3b813118-express-4-12-4 express@4.12.4
274 silly lockFile 702f5120-express-4-12-2 express@~4.12.2
275 silly lockFile 702f5120-express-4-12-2 express@~4.12.2
276 http 200 https://registry.npmjs.org/mongoose
277 silly registry.get cb [ 200,
277 silly registry.get   { server: 'CouchDB/1.5.0 (Erlang OTP/R16B03)',
277 silly registry.get     etag: '"AITMA1QWO6X67V2WSTIGXJV0A"',
277 silly registry.get     'content-type': 'application/json',
277 silly registry.get     'cache-control': 'max-age=300',
277 silly registry.get     'content-length': '437661',
277 silly registry.get     'accept-ranges': 'bytes',
277 silly registry.get     date: 'Tue, 08 Mar 2016 15:08:01 GMT',
277 silly registry.get     via: '1.1 varnish',
277 silly registry.get     age: '5',
277 silly registry.get     connection: 'keep-alive',
277 silly registry.get     'x-served-by': 'cache-atl6224-ATL',
277 silly registry.get     'x-cache': 'HIT',
277 silly registry.get     'x-cache-hits': '1',
277 silly registry.get     'x-timer': 'S1457449681.522955,VS0,VE0',
277 silly registry.get     vary: 'Accept' } ]
278 silly addNameRange number 2 { name: 'mongoose', range: '>=4.0.1-0 <5.0.0-0', hasData: true }
279 silly addNameRange versions [ 'mongoose',
279 silly addNameRange   [ '0.0.1',
279 silly addNameRange     '0.0.2',
279 silly addNameRange     '0.0.3',
279 silly addNameRange     '0.0.4',
279 silly addNameRange     '0.0.5',
279 silly addNameRange     '1.0.0',
279 silly addNameRange     '1.0.1',
279 silly addNameRange     '1.0.2',
279 silly addNameRange     '0.0.6',
279 silly addNameRange     '1.0.3',
279 silly addNameRange     '1.0.4',
279 silly addNameRange     '1.0.5',
279 silly addNameRange     '1.0.6',
279 silly addNameRange     '1.0.7',
279 silly addNameRange     '1.0.8',
279 silly addNameRange     '1.0.10',
279 silly addNameRange     '1.0.11',
279 silly addNameRange     '1.0.12',
279 silly addNameRange     '1.0.13',
279 silly addNameRange     '1.0.14',
279 silly addNameRange     '1.0.15',
279 silly addNameRange     '1.0.16',
279 silly addNameRange     '1.1.0',
279 silly addNameRange     '1.1.1',
279 silly addNameRange     '1.1.2',
279 silly addNameRange     '1.1.3',
279 silly addNameRange     '1.1.4',
279 silly addNameRange     '1.1.5',
279 silly addNameRange     '1.1.6',
279 silly addNameRange     '1.1.7',
279 silly addNameRange     '1.1.8',
279 silly addNameRange     '1.1.9',
279 silly addNameRange     '1.1.10',
279 silly addNameRange     '1.1.11',
279 silly addNameRange     '1.1.12',
279 silly addNameRange     '1.1.13',
279 silly addNameRange     '1.1.14',
279 silly addNameRange     '1.1.15',
279 silly addNameRange     '1.1.16',
279 silly addNameRange     '1.1.17',
279 silly addNameRange     '1.1.18',
279 silly addNameRange     '1.1.19',
279 silly addNameRange     '1.1.20',
279 silly addNameRange     '1.1.21',
279 silly addNameRange     '1.1.22',
279 silly addNameRange     '1.1.23',
279 silly addNameRange     '1.1.24',
279 silly addNameRange     '1.1.25',
279 silly addNameRange     '1.2.0',
279 silly addNameRange     '1.3.0',
279 silly addNameRange     '1.3.1',
279 silly addNameRange     '1.3.2',
279 silly addNameRange     '1.3.3',
279 silly addNameRange     '1.3.4',
279 silly addNameRange     '1.3.5',
279 silly addNameRange     '1.3.6',
279 silly addNameRange     '1.3.7',
279 silly addNameRange     '1.4.0',
279 silly addNameRange     '1.5.0',
279 silly addNameRange     '1.6.0',
279 silly addNameRange     '1.7.2',
279 silly addNameRange     '1.7.3',
279 silly addNameRange     '1.7.4',
279 silly addNameRange     '1.8.0',
279 silly addNameRange     '1.8.1',
279 silly addNameRange     '1.8.2',
279 silly addNameRange     '1.8.3',
279 silly addNameRange     '1.8.4',
279 silly addNameRange     '2.0.0',
279 silly addNameRange     '2.0.1',
279 silly addNameRange     '2.0.2',
279 silly addNameRange     '2.0.3',
279 silly addNameRange     '2.0.4',
279 silly addNameRange     '2.1.0',
279 silly addNameRange     '2.1.1',
279 silly addNameRange     '2.1.2',
279 silly addNameRange     '2.1.3',
279 silly addNameRange     '2.1.4',
279 silly addNameRange     '2.2.0',
279 silly addNameRange     '2.2.1',
279 silly addNameRange     '2.2.2',
279 silly addNameRange     '2.2.3',
279 silly addNameRange     '2.2.4',
279 silly addNameRange     '2.3.0',
279 silly addNameRange     '2.3.1',
279 silly addNameRange     '2.3.2',
279 silly addNameRange     '2.3.3',
279 silly addNameRange     '2.3.4',
279 silly addNameRange     '2.3.5',
279 silly addNameRange     '2.3.6',
279 silly addNameRange     '2.3.7',
279 silly addNameRange     '2.3.8',
279 silly addNameRange     '2.3.9',
279 silly addNameRange     '2.3.10',
279 silly addNameRange     '2.3.11',
279 silly addNameRange     '2.3.12',
279 silly addNameRange     '2.3.13',
279 silly addNameRange     '2.4.0',
279 silly addNameRange     '2.4.1',
279 silly addNameRange     '2.4.2',
279 silly addNameRange     '2.4.3',
279 silly addNameRange     '2.4.4',
279 silly addNameRange     '2.4.5',
279 silly addNameRange     '2.4.6',
279 silly addNameRange     '2.4.7',
279 silly addNameRange     '2.4.8',
279 silly addNameRange     '2.4.9',
279 silly addNameRange     '2.4.10',
279 silly addNameRange     '2.5.0',
279 silly addNameRange     '2.5.1',
279 silly addNameRange     '2.5.2',
279 silly addNameRange     '2.5.3',
279 silly addNameRange     '2.5.4',
279 silly addNameRange     '2.5.5',
279 silly addNameRange     '2.5.6',
279 silly addNameRange     '2.5.7',
279 silly addNameRange     '2.5.8',
279 silly addNameRange     '2.5.9',
279 silly addNameRange     '2.5.10',
279 silly addNameRange     '2.5.11',
279 silly addNameRange     '2.5.12',
279 silly addNameRange     '2.5.13',
279 silly addNameRange     '2.5.14',
279 silly addNameRange     '2.6.0',
279 silly addNameRange     '2.6.1',
279 silly addNameRange     '2.6.2',
279 silly addNameRange     '2.6.3',
279 silly addNameRange     '2.6.4',
279 silly addNameRange     '2.6.5',
279 silly addNameRange     '2.6.6',
279 silly addNameRange     '2.6.7',
279 silly addNameRange     '2.6.8',
279 silly addNameRange     '2.7.0',
279 silly addNameRange     '2.7.1',
279 silly addNameRange     '2.7.2',
279 silly addNameRange     '2.7.4',
279 silly addNameRange     '2.7.3',
279 silly addNameRange     '3.0.0',
279 silly addNameRange     '3.0.1',
279 silly addNameRange     '3.0.2',
279 silly addNameRange     '2.8.0',
279 silly addNameRange     '3.0.3',
279 silly addNameRange     '3.1.0',
279 silly addNameRange     '2.8.1',
279 silly addNameRange     '3.1.1',
279 silly addNameRange     '2.8.2',
279 silly addNameRange     '2.8.3',
279 silly addNameRange     '2.9.0',
279 silly addNameRange     '3.2.0',
279 silly addNameRange     '2.9.1',
279 silly addNameRange     '3.2.1',
279 silly addNameRange     '2.9.2',
279 silly addNameRange     '3.2.2',
279 silly addNameRange     '3.3.0',
279 silly addNameRange     '3.3.1',
279 silly addNameRange     '2.9.3',
279 silly addNameRange     '3.4.0',
279 silly addNameRange     '2.9.4',
279 silly addNameRange     '2.9.5',
279 silly addNameRange     '3.5.0',
279 silly addNameRange     '3.5.1',
279 silly addNameRange     '3.5.2',
279 silly addNameRange     '3.5.3',
279 silly addNameRange     '2.9.6',
279 silly addNameRange     '2.9.7',
279 silly addNameRange     '3.5.4',
279 silly addNameRange     '3.5.5',
279 silly addNameRange     '2.9.8',
279 silly addNameRange     '2.9.9',
279 silly addNameRange     '3.5.6',
279 silly addNameRange     '3.5.7',
279 silly addNameRange     '3.5.8',
279 silly addNameRange     '2.9.10',
279 silly addNameRange     '3.5.9',
279 silly addNameRange     '3.6.2',
279 silly addNameRange     '3.5.10',
279 silly addNameRange     '3.6.3',
279 silly addNameRange     '3.5.11',
279 silly addNameRange     '3.6.4',
279 silly addNameRange     '3.6.5',
279 silly addNameRange     '3.6.6',
279 silly addNameRange     '3.6.7',
279 silly addNameRange     '3.5.12',
279 silly addNameRange     '3.6.8',
279 silly addNameRange     '3.6.9',
279 silly addNameRange     '3.6.10',
279 silly addNameRange     '3.5.13',
279 silly addNameRange     '3.5.14',
279 silly addNameRange     '3.6.11',
279 silly addNameRange     '3.6.12',
279 silly addNameRange     '3.6.13',
279 silly addNameRange     '3.6.14',
279 silly addNameRange     '3.6.15',
279 silly addNameRange     '3.5.15',
279 silly addNameRange     '3.7.0',
279 silly addNameRange     '3.6.16',
279 silly addNameRange     '3.5.16',
279 silly addNameRange     '3.6.17',
279 silly addNameRange     '3.7.2',
279 silly addNameRange     '3.0.0-alpha1',
279 silly addNameRange     '3.0.0-alpha2',
279 silly addNameRange     '3.0.0-rc0',
279 silly addNameRange     '3.6.0-rc0',
279 silly addNameRange     '3.6.0-rc1',
279 silly addNameRange     '3.6.18',
279 silly addNameRange     '3.7.3',
279 silly addNameRange     '3.6.19',
279 silly addNameRange     '3.6.20',
279 silly addNameRange     '3.7.4',
279 silly addNameRange     '3.8.0',
279 silly addNameRange     '3.8.1',
279 silly addNameRange     '3.8.2',
279 silly addNameRange     '3.8.3',
279 silly addNameRange     '3.8.4',
279 silly addNameRange     '3.8.5',
279 silly addNameRange     '3.8.6',
279 silly addNameRange     '3.8.7',
279 silly addNameRange     '3.8.8',
279 silly addNameRange     '3.8.9',
279 silly addNameRange     '3.8.10',
279 silly addNameRange     '3.8.11',
279 silly addNameRange     '3.9.0',
279 silly addNameRange     '3.8.12',
279 silly addNameRange     '3.8.13',
279 silly addNameRange     '3.8.14',
279 silly addNameRange     '3.8.15',
279 silly addNameRange     '3.9.1',
279 silly addNameRange     '3.8.16',
279 silly addNameRange     '3.9.2',
279 silly addNameRange     '3.8.17',
279 silly addNameRange     '3.9.3',
279 silly addNameRange     '3.8.18',
279 silly addNameRange     '3.9.4',
279 silly addNameRange     '3.8.19',
279 silly addNameRange     '3.9.5',
279 silly addNameRange     '3.8.20',
279 silly addNameRange     '3.9.6',
279 silly addNameRange     '3.8.21',
279 silly addNameRange     '3.9.7',
279 silly addNameRange     '3.8.22',
279 silly addNameRange     '4.0.0-rc0',
279 silly addNameRange     '4.0.0-rc1',
279 silly addNameRange     '3.8.23',
279 silly addNameRange     '4.0.0-rc2',
279 silly addNameRange     '3.8.24',
279 silly addNameRange     '4.0.0-rc3',
279 silly addNameRange     '3.8.25',
279 silly addNameRange     '4.0.0-rc4',
279 silly addNameRange     '4.0.0',
279 silly addNameRange     '4.0.1',
279 silly addNameRange     '3.8.26',
279 silly addNameRange     '3.8.27',
279 silly addNameRange     '4.0.2',
279 silly addNameRange     '3.8.28',
279 silly addNameRange     '4.0.3',
279 silly addNameRange     '3.8.29',
279 silly addNameRange     '4.0.4',
279 silly addNameRange     '3.8.30',
279 silly addNameRange     '4.0.5',
279 silly addNameRange     '3.8.31',
279 silly addNameRange     '4.0.6',
279 silly addNameRange     '3.8.33',
279 silly addNameRange     '4.0.7',
279 silly addNameRange     '3.8.34',
279 silly addNameRange     '4.0.8',
279 silly addNameRange     '4.1.0',
279 silly addNameRange     '4.1.1',
279 silly addNameRange     '4.1.2',
279 silly addNameRange     '3.8.35',
279 silly addNameRange     '4.1.3',
279 silly addNameRange     '4.1.5',
279 silly addNameRange     '4.1.6',
279 silly addNameRange     '4.1.7',
279 silly addNameRange     '4.1.8',
279 silly addNameRange     '4.1.9',
279 silly addNameRange     '4.1.10',
279 silly addNameRange     '4.1.11',
279 silly addNameRange     '3.8.36',
279 silly addNameRange     '4.1.12',
279 silly addNameRange     '4.2.0',
279 silly addNameRange     '4.2.1',
279 silly addNameRange     '4.2.2',
279 silly addNameRange     '4.2.3',
279 silly addNameRange     '4.2.4',
279 silly addNameRange     '4.2.5',
279 silly addNameRange     '3.8.37',
279 silly addNameRange     '4.2.6',
279 silly addNameRange     '4.2.7',
279 silly addNameRange     '4.2.8',
279 silly addNameRange     '4.2.9',
279 silly addNameRange     '4.2.10',
279 silly addNameRange     '4.3.0',
279 silly addNameRange     '4.3.1',
279 silly addNameRange     '4.3.2',
279 silly addNameRange     '4.3.3',
279 silly addNameRange     '4.3.4',
279 silly addNameRange     '3.8.38',
279 silly addNameRange     '4.3.5',
279 silly addNameRange     '4.3.6',
279 silly addNameRange     '3.8.39',
279 silly addNameRange     '4.3.7',
279 silly addNameRange     '4.4.0',
279 silly addNameRange     '4.4.1',
279 silly addNameRange     '4.4.2',
279 silly addNameRange     '4.4.3',
279 silly addNameRange     '4.4.4',
279 silly addNameRange     '4.4.5',
279 silly addNameRange     '4.4.6' ] ]
280 verbose addNamed [ 'mongoose', '4.4.6' ]
281 verbose addNamed [ '4.4.6', '4.4.6' ]
282 silly lockFile 9fc787f6-mongoose-4-4-6 mongoose@4.4.6
283 verbose lock mongoose@4.4.6 /Users/mcwalinski/.npm/9fc787f6-mongoose-4-4-6.lock
284 silly lockFile 01bf1707--org-mongoose-mongoose-4-4-6-tgz https://registry.npmjs.org/mongoose/-/mongoose-4.4.6.tgz
285 verbose lock https://registry.npmjs.org/mongoose/-/mongoose-4.4.6.tgz /Users/mcwalinski/.npm/01bf1707--org-mongoose-mongoose-4-4-6-tgz.lock
286 verbose addRemoteTarball [ 'https://registry.npmjs.org/mongoose/-/mongoose-4.4.6.tgz',
286 verbose addRemoteTarball   '57768927c68345cc17b856134f31c1dfdf255651' ]
287 info retry fetch attempt 1 at 10:08:01
288 verbose fetch to= /var/folders/jc/kw12555j60d8tm518sbxvz8r0000gn/T/npm-34794-g_pMHowR/registry.npmjs.org/mongoose/-/mongoose-4.4.6.tgz
289 http GET https://registry.npmjs.org/mongoose/-/mongoose-4.4.6.tgz
290 http 200 https://registry.npmjs.org/mongoose/-/mongoose-4.4.6.tgz
291 silly lockFile 01bf1707--org-mongoose-mongoose-4-4-6-tgz https://registry.npmjs.org/mongoose/-/mongoose-4.4.6.tgz
292 silly lockFile 01bf1707--org-mongoose-mongoose-4-4-6-tgz https://registry.npmjs.org/mongoose/-/mongoose-4.4.6.tgz
293 silly lockFile 9fc787f6-mongoose-4-4-6 mongoose@4.4.6
294 silly lockFile 9fc787f6-mongoose-4-4-6 mongoose@4.4.6
295 silly lockFile 6d5e1044-mongoose-4-0-1 mongoose@^4.0.1
296 silly lockFile 6d5e1044-mongoose-4-0-1 mongoose@^4.0.1
297 error Error: EACCES, mkdir '/Users/mcwalinski/.npm/mongoose/4.4.6'
297 error  { [Error: EACCES, mkdir '/Users/mcwalinski/.npm/mongoose/4.4.6']
297 error   errno: 3,
297 error   code: 'EACCES',
297 error   path: '/Users/mcwalinski/.npm/mongoose/4.4.6',
297 error   parent: 'MeanStack' }
298 error Please try running this command again as root/Administrator.
299 error System Darwin 15.0.0
300 error command "node" "/usr/local/bin/npm" "install"
301 error cwd /Users/mcwalinski/WashingtonPost/NewsroomInternships
302 error node -v v0.10.33
303 error npm -v 1.4.28
304 error path /Users/mcwalinski/.npm/mongoose/4.4.6
305 error code EACCES
306 error errno 3
307 error stack Error: EACCES, mkdir '/Users/mcwalinski/.npm/mongoose/4.4.6'
308 verbose exit [ 3, true ]
